> Task :app:preBuild UP-TO-DATE
> Task :app:preDebugBuild UP-TO-DATE
> Task :app:mergeDebugNativeDebugMetadata NO-SOURCE
> Task :app:checkKotlinGradlePluginConfigurationErrors
> Task :app:dataBindingMergeDependencyArtifactsDebug UP-TO-DATE
> Task :app:generateDebugResValues UP-TO-DATE
> Task :app:generateDebugResources UP-TO-DATE
> Task :app:mergeDebugResources UP-TO-DATE
> Task :app:packageDebugResources UP-TO-DATE
> Task :app:parseDebugLocalResources UP-TO-DATE
> Task :app:dataBindingGenBaseClassesDebug UP-TO-DATE
> Task :app:checkDebugAarMetadata UP-TO-DATE
> Task :app:mapDebugSourceSetPaths UP-TO-DATE
> Task :app:createDebugCompatibleScreenManifests UP-TO-DATE
> Task :app:extractDeepLinksDebug UP-TO-DATE
> Task :app:processDebugMainManifest UP-TO-DATE
> Task :app:processDebugManifest UP-TO-DATE
> Task :app:processDebugManifestForPackage UP-TO-DATE
> Task :app:processDebugResources UP-TO-DATE
> Task :app:javaPreCompileDebug UP-TO-DATE
> Task :app:mergeDebugShaders UP-TO-DATE
> Task :app:compileDebugShaders NO-SOURCE
> Task :app:generateDebugAssets UP-TO-DATE
> Task :app:mergeDebugAssets UP-TO-DATE
> Task :app:compressDebugAssets UP-TO-DATE
> Task :app:checkDebugDuplicateClasses UP-TO-DATE
> Task :app:desugarDebugFileDependencies UP-TO-DATE
> Task :app:mergeExtDexDebug UP-TO-DATE
> Task :app:mergeLibDexDebug UP-TO-DATE
> Task :app:mergeDebugJniLibFolders UP-TO-DATE
> Task :app:mergeDebugNativeLibs NO-SOURCE
> Task :app:stripDebugDebugSymbols NO-SOURCE
> Task :app:validateSigningDebug UP-TO-DATE
> Task :app:writeDebugAppMetadata UP-TO-DATE
> Task :app:writeDebugSigningConfigVersions UP-TO-DATE

> Task :app:compileDebugKotlin FAILED
e: file:///D:/github/alerts-sheets/android/app/src/main/java/com/example/alertsheets/MainActivity.kt:57:9 Expecting member declaration
e: file:///D:/github/alerts-sheets/android/app/src/main/java/com/example/alertsheets/MainActivity.kt:57:15 Expecting member declaration
e: file:///D:/github/alerts-sheets/android/app/src/main/java/com/example/alertsheets/MainActivity.kt:57:16 Expecting member declaration
e: file:///D:/github/alerts-sheets/android/app/src/main/java/com/example/alertsheets/MainActivity.kt:57:35 Expecting member declaration
e: file:///D:/github/alerts-sheets/android/app/src/main/java/com/example/alertsheets/MainActivity.kt:59:9 Expecting member declaration
e: file:///D:/github/alerts-sheets/android/app/src/main/java/com/example/alertsheets/MainActivity.kt:59:23 Expecting member declaration
e: file:///D:/github/alerts-sheets/android/app/src/main/java/com/example/alertsheets/MainActivity.kt:59:24 Expecting member declaration
e: file:///D:/github/alerts-sheets/android/app/src/main/java/com/example/alertsheets/MainActivity.kt:59:43 Expecting member declaration
e: file:///D:/github/alerts-sheets/android/app/src/main/java/com/example/alertsheets/MainActivity.kt:63:9 Expecting member declaration
e: file:///D:/github/alerts-sheets/android/app/src/main/java/com/example/alertsheets/MainActivity.kt:63:21 Expecting member declaration
e: file:///D:/github/alerts-sheets/android/app/src/main/java/com/example/alertsheets/MainActivity.kt:63:22 Expecting member declaration
e: file:///D:/github/alerts-sheets/android/app/src/main/java/com/example/alertsheets/MainActivity.kt:63:41 Expecting member declaration
e: file:///D:/github/alerts-sheets/android/app/src/main/java/com/example/alertsheets/MainActivity.kt:67:9 Expecting member declaration
e: file:///D:/github/alerts-sheets/android/app/src/main/java/com/example/alertsheets/MainActivity.kt:67:21 Expecting member declaration
e: file:///D:/github/alerts-sheets/android/app/src/main/java/com/example/alertsheets/MainActivity.kt:67:22 Expecting member declaration
e: file:///D:/github/alerts-sheets/android/app/src/main/java/com/example/alertsheets/MainActivity.kt:67:32 Expecting member declaration
e: file:///D:/github/alerts-sheets/android/app/src/main/java/com/example/alertsheets/MainActivity.kt:209:1 Expecting a top level declaration
e: file:///D:/github/alerts-sheets/android/app/src/main/java/com/example/alertsheets/MainActivity.kt:57:35 Conflicting overloads: public final fun `<no name provided>`(): Unit defined in com.example.alertsheets.MainActivity, public final fun `<no name provided>`(): Unit defined in com.example.alertsheets.MainActivity, public final fun `<no name provided>`(): Unit defined in com.example.alertsheets.MainActivity
e: file:///D:/github/alerts-sheets/android/app/src/main/java/com/example/alertsheets/MainActivity.kt:57:35 Function declaration must have a name
e: file:///D:/github/alerts-sheets/android/app/src/main/java/com/example/alertsheets/MainActivity.kt:59:43 Conflicting overloads: public final fun `<no name provided>`(): Unit defined in com.example.alertsheets.MainActivity, public final fun `<no name provided>`(): Unit defined in com.example.alertsheets.MainActivity, public final fun `<no name provided>`(): Unit defined in com.example.alertsheets.MainActivity
e: file:///D:/github/alerts-sheets/android/app/src/main/java/com/example/alertsheets/MainActivity.kt:59:43 Function declaration must have a name
e: file:///D:/github/alerts-sheets/android/app/src/main/java/com/example/alertsheets/MainActivity.kt:63:41 Conflicting overloads: public final fun `<no name provided>`(): Unit defined in com.example.alertsheets.MainActivity, public final fun `<no name provided>`(): Unit defined in com.example.alertsheets.MainActivity, public final fun `<no name provided>`(): Unit defined in com.example.alertsheets.MainActivity
e: file:///D:/github/alerts-sheets/android/app/src/main/java/com/example/alertsheets/MainActivity.kt:63:41 Function declaration must have a name
e: file:///D:/github/alerts-sheets/android/app/src/main/java/com/example/alertsheets/MainActivity.kt:77:18 Unresolved reference: packageManager
e: file:///D:/github/alerts-sheets/android/app/src/main/java/com/example/alertsheets/MainActivity.kt:85:25 Unresolved reference: it
e: file:///D:/github/alerts-sheets/android/app/src/main/java/com/example/alertsheets/MainActivity.kt:85:55 Overload resolution ambiguity: 
public inline fun <T> Iterable<TypeVariable(T)>.forEach(action: (TypeVariable(T)) -> Unit): Unit defined in kotlin.collections
public inline fun <K, V> Map<out TypeVariable(K), TypeVariable(V)>.forEach(action: (Map.Entry<TypeVariable(K), TypeVariable(V)>) -> Unit): Unit defined in kotlin.collections
e: file:///D:/github/alerts-sheets/android/app/src/main/java/com/example/alertsheets/MainActivity.kt:86:26 Unresolved reference: it
e: file:///D:/github/alerts-sheets/android/app/src/main/java/com/example/alertsheets/MainActivity.kt:87:30 Unresolved reference: it
e: file:///D:/github/alerts-sheets/android/app/src/main/java/com/example/alertsheets/MainActivity.kt:90:57 'this' is not defined in this context
e: file:///D:/github/alerts-sheets/android/app/src/main/java/com/example/alertsheets/MainActivity.kt:101:29 'this' is not defined in this context
e: file:///D:/github/alerts-sheets/android/app/src/main/java/com/example/alertsheets/MainActivity.kt:112:45 'this' is not defined in this context
e: file:///D:/github/alerts-sheets/android/app/src/main/java/com/example/alertsheets/MainActivity.kt:113:32 'this' is not defined in this context
e: file:///D:/github/alerts-sheets/android/app/src/main/java/com/example/alertsheets/MainActivity.kt:120:21 Unresolved reference: getSharedPreferences
e: file:///D:/github/alerts-sheets/android/app/src/main/java/com/example/alertsheets/MainActivity.kt:124:61 'this' is not defined in this context
e: file:///D:/github/alerts-sheets/android/app/src/main/java/com/example/alertsheets/MainActivity.kt:127:44 'this' is not defined in this context
e: file:///D:/github/alerts-sheets/android/app/src/main/java/com/example/alertsheets/MainActivity.kt:135:36 'this' is not defined in this context
e: file:///D:/github/alerts-sheets/android/app/src/main/java/com/example/alertsheets/MainActivity.kt:135:42 Unresolved reference: endpoints
e: file:///D:/github/alerts-sheets/android/app/src/main/java/com/example/alertsheets/MainActivity.kt:136:9 Unresolved reference: adapter
e: file:///D:/github/alerts-sheets/android/app/src/main/java/com/example/alertsheets/MainActivity.kt:136:28 Unresolved reference: endpoints
e: file:///D:/github/alerts-sheets/android/app/src/main/java/com/example/alertsheets/MainActivity.kt:140:40 'this' is not defined in this context
e: file:///D:/github/alerts-sheets/android/app/src/main/java/com/example/alertsheets/MainActivity.kt:144:29 'this' is not defined in this context
e: file:///D:/github/alerts-sheets/android/app/src/main/java/com/example/alertsheets/MainActivity.kt:151:69 Unresolved reference: endpoints
e: file:///D:/github/alerts-sheets/android/app/src/main/java/com/example/alertsheets/MainActivity.kt:152:21 Unresolved reference: endpoints
e: file:///D:/github/alerts-sheets/android/app/src/main/java/com/example/alertsheets/MainActivity.kt:161:29 'this' is not defined in this context
e: file:///D:/github/alerts-sheets/android/app/src/main/java/com/example/alertsheets/MainActivity.kt:165:17 Unresolved reference: endpoints
e: file:///D:/github/alerts-sheets/android/app/src/main/java/com/example/alertsheets/MainActivity.kt:174:29 'this' is not defined in this context
e: file:///D:/github/alerts-sheets/android/app/src/main/java/com/example/alertsheets/MainActivity.kt:178:26 Unresolved reference: startActivity
e: file:///D:/github/alerts-sheets/android/app/src/main/java/com/example/alertsheets/MainActivity.kt:181:59 Unresolved reference: packageName
e: file:///D:/github/alerts-sheets/android/app/src/main/java/com/example/alertsheets/MainActivity.kt:182:25 Unresolved reference: startActivity
e: file:///D:/github/alerts-sheets/android/app/src/main/java/com/example/alertsheets/MainActivity.kt:184:26 Unresolved reference: startActivity
e: file:///D:/github/alerts-sheets/android/app/src/main/java/com/example/alertsheets/MainActivity.kt:190:5 Modifier 'override' is not applicable to 'top level function'
e: file:///D:/github/alerts-sheets/android/app/src/main/java/com/example/alertsheets/MainActivity.kt:191:9 No supertypes are accessible in this context
e: file:///D:/github/alerts-sheets/android/app/src/main/java/com/example/alertsheets/MainActivity.kt:192:26 Unresolved reference: findViewById
e: file:///D:/github/alerts-sheets/android/app/src/main/java/com/example/alertsheets/MainActivity.kt:197:51 Unresolved reference: contentResolver
e: file:///D:/github/alerts-sheets/android/app/src/main/java/com/example/alertsheets/MainActivity.kt:198:75 Unresolved reference: packageName
e: file:///D:/github/alerts-sheets/android/app/src/main/java/com/example/alertsheets/MainActivity.kt:200:18 Unresolved reference: getSystemService
e: file:///D:/github/alerts-sheets/android/app/src/main/java/com/example/alertsheets/MainActivity.kt:200:35 Unresolved reference: POWER_SERVICE
e: file:///D:/github/alerts-sheets/android/app/src/main/java/com/example/alertsheets/MainActivity.kt:201:64 Unresolved reference: packageName

[Incubating] Problems report is available at: file:///D:/github/alerts-sheets/android/build/reports/problems/problems-report.html

FAILURE: Build failed with an exception.

* What went wrong:
Execution failed for task ':app:compileDebugKotlin'.
> A failure occurred while executing org.jetbrains.kotlin.compilerRunner.GradleCompilerRunnerWithWorkers$GradleKotlinCompilerWorkAction
   > Compilation error. See log for more details

* Try:
> Run with --stacktrace option to get the stack trace.
> Run with --info or --debug option to get more log output.

> Run with --scan to get full insights.
> Get more help at https://help.gradle.org.
Deprecated Gradle features were used in this build, making it incompatible with Gradle 10.0.

You can use '--warning-mode all' to show the individual deprecation warnings and determine if they come from your own scripts or plugins.

For more on this, please refer to https://docs.gradle.org/9.0-milestone-1/userguide/command_line_interface.html#sec:command_line_warnings in the Gradle documentation.
28 actionable tasks: 2 executed, 26 up-to-date

BUILD FAILED in 2s
