> Task :app:preBuild UP-TO-DATE
> Task :app:preDebugBuild UP-TO-DATE
> Task :app:mergeDebugNativeDebugMetadata NO-SOURCE
> Task :app:checkKotlinGradlePluginConfigurationErrors
> Task :app:dataBindingMergeDependencyArtifactsDebug UP-TO-DATE
> Task :app:generateDebugResValues UP-TO-DATE
> Task :app:generateDebugResources UP-TO-DATE
> Task :app:mergeDebugResources UP-TO-DATE
> Task :app:packageDebugResources UP-TO-DATE
> Task :app:parseDebugLocalResources UP-TO-DATE
> Task :app:dataBindingGenBaseClassesDebug UP-TO-DATE
> Task :app:checkDebugAarMetadata UP-TO-DATE
> Task :app:mapDebugSourceSetPaths UP-TO-DATE
> Task :app:createDebugCompatibleScreenManifests UP-TO-DATE
> Task :app:extractDeepLinksDebug UP-TO-DATE
> Task :app:processDebugMainManifest UP-TO-DATE
> Task :app:processDebugManifest UP-TO-DATE
> Task :app:processDebugManifestForPackage UP-TO-DATE
> Task :app:processDebugResources UP-TO-DATE
> Task :app:javaPreCompileDebug UP-TO-DATE
> Task :app:mergeDebugShaders UP-TO-DATE
> Task :app:compileDebugShaders NO-SOURCE
> Task :app:generateDebugAssets UP-TO-DATE
> Task :app:mergeDebugAssets UP-TO-DATE
> Task :app:compressDebugAssets UP-TO-DATE
> Task :app:checkDebugDuplicateClasses UP-TO-DATE
> Task :app:desugarDebugFileDependencies UP-TO-DATE
> Task :app:mergeExtDexDebug UP-TO-DATE
> Task :app:mergeLibDexDebug UP-TO-DATE
> Task :app:mergeDebugJniLibFolders UP-TO-DATE
> Task :app:mergeDebugNativeLibs NO-SOURCE
> Task :app:stripDebugDebugSymbols NO-SOURCE
> Task :app:validateSigningDebug UP-TO-DATE
> Task :app:writeDebugAppMetadata UP-TO-DATE
> Task :app:writeDebugSigningConfigVersions UP-TO-DATE

> Task :app:compileDebugKotlin FAILED
e: file:///D:/github/alerts-sheets/android/app/src/main/java/com/example/alertsheets/MainActivity.kt:148:13 Expecting member declaration
e: file:///D:/github/alerts-sheets/android/app/src/main/java/com/example/alertsheets/MainActivity.kt:148:14 Expecting member declaration
e: file:///D:/github/alerts-sheets/android/app/src/main/java/com/example/alertsheets/MainActivity.kt:148:31 Expecting member declaration
e: file:///D:/github/alerts-sheets/android/app/src/main/java/com/example/alertsheets/MainActivity.kt:148:32 Expecting member declaration
e: file:///D:/github/alerts-sheets/android/app/src/main/java/com/example/alertsheets/MainActivity.kt:148:33 Expecting member declaration
e: file:///D:/github/alerts-sheets/android/app/src/main/java/com/example/alertsheets/MainActivity.kt:148:37 Expecting member declaration
e: file:///D:/github/alerts-sheets/android/app/src/main/java/com/example/alertsheets/MainActivity.kt:148:38 Expecting member declaration
e: file:///D:/github/alerts-sheets/android/app/src/main/java/com/example/alertsheets/MainActivity.kt:148:40 Expecting member declaration
e: file:///D:/github/alerts-sheets/android/app/src/main/java/com/example/alertsheets/MainActivity.kt:148:43 Unexpected tokens (use ';' to separate expressions on the same line)
e: file:///D:/github/alerts-sheets/android/app/src/main/java/com/example/alertsheets/MainActivity.kt:153:13 Expecting member declaration
e: file:///D:/github/alerts-sheets/android/app/src/main/java/com/example/alertsheets/MainActivity.kt:153:14 Expecting member declaration
e: file:///D:/github/alerts-sheets/android/app/src/main/java/com/example/alertsheets/MainActivity.kt:153:31 Expecting member declaration
e: file:///D:/github/alerts-sheets/android/app/src/main/java/com/example/alertsheets/MainActivity.kt:153:32 Expecting member declaration
e: file:///D:/github/alerts-sheets/android/app/src/main/java/com/example/alertsheets/MainActivity.kt:153:33 Expecting member declaration
e: file:///D:/github/alerts-sheets/android/app/src/main/java/com/example/alertsheets/MainActivity.kt:153:39 Expecting member declaration
e: file:///D:/github/alerts-sheets/android/app/src/main/java/com/example/alertsheets/MainActivity.kt:153:40 Expecting member declaration
e: file:///D:/github/alerts-sheets/android/app/src/main/java/com/example/alertsheets/MainActivity.kt:153:42 Expecting member declaration
e: file:///D:/github/alerts-sheets/android/app/src/main/java/com/example/alertsheets/MainActivity.kt:153:46 Expecting member declaration
e: file:///D:/github/alerts-sheets/android/app/src/main/java/com/example/alertsheets/MainActivity.kt:154:13 Expecting member declaration
e: file:///D:/github/alerts-sheets/android/app/src/main/java/com/example/alertsheets/MainActivity.kt:154:14 Expecting member declaration
e: file:///D:/github/alerts-sheets/android/app/src/main/java/com/example/alertsheets/MainActivity.kt:154:18 Expecting member declaration
e: file:///D:/github/alerts-sheets/android/app/src/main/java/com/example/alertsheets/MainActivity.kt:154:19 Expecting member declaration
e: file:///D:/github/alerts-sheets/android/app/src/main/java/com/example/alertsheets/MainActivity.kt:250:1 Expecting a top level declaration
e: file:///D:/github/alerts-sheets/android/app/src/main/java/com/example/alertsheets/MainActivity.kt:148:40 Function declaration must have a name
e: file:///D:/github/alerts-sheets/android/app/src/main/java/com/example/alertsheets/MainActivity.kt:148:42 Unresolved reference: _
e: file:///D:/github/alerts-sheets/android/app/src/main/java/com/example/alertsheets/MainActivity.kt:149:34 Unresolved reference: selectedIndices
e: file:///D:/github/alerts-sheets/android/app/src/main/java/com/example/alertsheets/MainActivity.kt:149:56 Unresolved reference: packageNames
e: file:///D:/github/alerts-sheets/android/app/src/main/java/com/example/alertsheets/MainActivity.kt:149:69 Unresolved reference: it
e: file:///D:/github/alerts-sheets/android/app/src/main/java/com/example/alertsheets/MainActivity.kt:158:21 Unresolved reference: getSharedPreferences
e: file:///D:/github/alerts-sheets/android/app/src/main/java/com/example/alertsheets/MainActivity.kt:162:61 'this' is not defined in this context
e: file:///D:/github/alerts-sheets/android/app/src/main/java/com/example/alertsheets/MainActivity.kt:165:44 'this' is not defined in this context
e: file:///D:/github/alerts-sheets/android/app/src/main/java/com/example/alertsheets/MainActivity.kt:173:36 'this' is not defined in this context
e: file:///D:/github/alerts-sheets/android/app/src/main/java/com/example/alertsheets/MainActivity.kt:173:42 Unresolved reference: endpoints
e: file:///D:/github/alerts-sheets/android/app/src/main/java/com/example/alertsheets/MainActivity.kt:174:9 Unresolved reference: adapter
e: file:///D:/github/alerts-sheets/android/app/src/main/java/com/example/alertsheets/MainActivity.kt:174:28 Unresolved reference: endpoints
e: file:///D:/github/alerts-sheets/android/app/src/main/java/com/example/alertsheets/MainActivity.kt:178:40 'this' is not defined in this context
e: file:///D:/github/alerts-sheets/android/app/src/main/java/com/example/alertsheets/MainActivity.kt:182:29 'this' is not defined in this context
e: file:///D:/github/alerts-sheets/android/app/src/main/java/com/example/alertsheets/MainActivity.kt:189:69 Unresolved reference: endpoints
e: file:///D:/github/alerts-sheets/android/app/src/main/java/com/example/alertsheets/MainActivity.kt:190:21 Unresolved reference: endpoints
e: file:///D:/github/alerts-sheets/android/app/src/main/java/com/example/alertsheets/MainActivity.kt:199:29 'this' is not defined in this context
e: file:///D:/github/alerts-sheets/android/app/src/main/java/com/example/alertsheets/MainActivity.kt:203:17 Unresolved reference: endpoints
e: file:///D:/github/alerts-sheets/android/app/src/main/java/com/example/alertsheets/MainActivity.kt:212:29 'this' is not defined in this context
e: file:///D:/github/alerts-sheets/android/app/src/main/java/com/example/alertsheets/MainActivity.kt:216:26 Unresolved reference: startActivity
e: file:///D:/github/alerts-sheets/android/app/src/main/java/com/example/alertsheets/MainActivity.kt:219:59 Unresolved reference: packageName
e: file:///D:/github/alerts-sheets/android/app/src/main/java/com/example/alertsheets/MainActivity.kt:220:25 Unresolved reference: startActivity
e: file:///D:/github/alerts-sheets/android/app/src/main/java/com/example/alertsheets/MainActivity.kt:222:26 Unresolved reference: startActivity
e: file:///D:/github/alerts-sheets/android/app/src/main/java/com/example/alertsheets/MainActivity.kt:228:5 Modifier 'override' is not applicable to 'top level function'
e: file:///D:/github/alerts-sheets/android/app/src/main/java/com/example/alertsheets/MainActivity.kt:229:9 No supertypes are accessible in this context
e: file:///D:/github/alerts-sheets/android/app/src/main/java/com/example/alertsheets/MainActivity.kt:230:26 Unresolved reference: findViewById
e: file:///D:/github/alerts-sheets/android/app/src/main/java/com/example/alertsheets/MainActivity.kt:232:15 Unresolved reference: appsAdapter
e: file:///D:/github/alerts-sheets/android/app/src/main/java/com/example/alertsheets/MainActivity.kt:233:13 Unresolved reference: appsAdapter
e: file:///D:/github/alerts-sheets/android/app/src/main/java/com/example/alertsheets/MainActivity.kt:233:63 'this' is not defined in this context
e: file:///D:/github/alerts-sheets/android/app/src/main/java/com/example/alertsheets/MainActivity.kt:238:51 Unresolved reference: contentResolver
e: file:///D:/github/alerts-sheets/android/app/src/main/java/com/example/alertsheets/MainActivity.kt:239:75 Unresolved reference: packageName
e: file:///D:/github/alerts-sheets/android/app/src/main/java/com/example/alertsheets/MainActivity.kt:241:18 Unresolved reference: getSystemService
e: file:///D:/github/alerts-sheets/android/app/src/main/java/com/example/alertsheets/MainActivity.kt:241:35 Unresolved reference: POWER_SERVICE
e: file:///D:/github/alerts-sheets/android/app/src/main/java/com/example/alertsheets/MainActivity.kt:242:64 Unresolved reference: packageName

[Incubating] Problems report is available at: file:///D:/github/alerts-sheets/android/build/reports/problems/problems-report.html

FAILURE: Build failed with an exception.

* What went wrong:
Execution failed for task ':app:compileDebugKotlin'.
> A failure occurred while executing org.jetbrains.kotlin.compilerRunner.GradleCompilerRunnerWithWorkers$GradleKotlinCompilerWorkAction
   > Compilation error. See log for more details

* Try:
> Run with --stacktrace option to get the stack trace.
> Run with --info or --debug option to get more log output.
> Run with --scan to get full insights.
> Get more help at https://help.gradle.org.

Deprecated Gradle features were used in this build, making it incompatible with Gradle 10.0.

You can use '--warning-mode all' to show the individual deprecation warnings and determine if they come from your own scripts or plugins.

For more on this, please refer to https://docs.gradle.org/9.0-milestone-1/userguide/command_line_interface.html#sec:command_line_warnings in the Gradle documentation.

BUILD FAILED in 2s
28 actionable tasks: 2 executed, 26 up-to-date
